2019/12/01 03:03:50.293390 [01;31m[K[m[Knames[dns.mageddo]
2019/12/01 03:03:50.294344 [01;31m[K[m[Knames[dns.mageddo]
2019/12/01 03:03:50.295431 [01;31m[K[m[Knames[dns.mageddo]
2019/12/01 03:03:50.299479 [01;31m[K[m[Knames[dns.mageddo]
2019/12/01 03:04:25.575370 [01;31m[K[m[Kdae.net.co.-1,
2019/12/01 03:04:25.746553 [01;31m[K[m[Kdae.net.co.-28,
2019/12/01 03:06:15.890270 [01;31m[K[m[Kcnn.com.-1,
2019/12/01 03:06:15.892388 [01;31m[K[m[Kcnn.com.-28,
2019/12/01 03:12:46.842969 [01;31m[K[m[Kcurrent.cvd.clamav.net.-16,
2019/12/01 03:22:16.543791 [01;31m[K[m[Kmashable.com.-28,
2019/12/01 03:22:16.551123 [01;31m[K[m[Kmashable.com.-1,
2019/12/01 03:24:21.246795 [01;31m[K[m[Kforbes.com.-1,
2019/12/01 03:24:21.250859 [01;31m[K[m[Kforbes.com.-28,
2019/12/01 03:24:23.462281 [01;31m[K[m[Kwww.forbes.com.-1,
2019/12/01 03:24:23.463795 [01;31m[K[m[Kwww.forbes.com.-28,
2019/12/01 03:28:00.804977 [01;31m[K[m[Ktwitter.com.-28,
2019/12/01 03:28:00.806787 [01;31m[K[m[Ktwitter.com.-1,
2019/12/01 03:29:00.176236 [01;31m[K[m[Kaa.com.-28,
2019/12/01 03:29:00.268060 [01;31m[K[m[Kaa.com.-1,
2019/12/01 03:29:01.688172 [01;31m[K[m[Kwww.aa.com.-28,
2019/12/01 03:29:01.787444 [01;31m[K[m[Kwww.aa.com.-1,
2019/12/01 03:29:16.439536 [01;31m[K[m[Kwww.bookaahotels.com.-1,
2019/12/01 03:29:16.444609 [01;31m[K[m[Kwww.bookaahotels.com.-28,
2019/12/01 03:29:17.086283 [01;31m[K[m[Kwww.booking.com.-28,
2019/12/01 03:29:17.088976 [01;31m[K[m[Kwww.booking.com.-1,
2019/12/01 03:29:44.070379 [01;31m[K[m[Kip2location.com.-28,
2019/12/01 03:30:41.361871 [01;31m[K[m[Ksemana.com.-28,
2019/12/01 03:30:41.433566 [01;31m[K[m[Ksemana.com.-1,
2019/12/01 03:31:29.267913 [01;31m[K[m[Kavianca.com.-1,
2019/12/01 03:31:29.332166 [01;31m[K[m[Kavianca.com.-28,
2019/12/01 04:01:35.351713 [01;31m[K[m[Knetflix.com.-1,
2019/12/01 04:01:35.427230 [01;31m[K[m[Knetflix.com.-28,
2019/12/01 04:01:59.486614 [01;31m[K[m[Kwww.netflix.com.-1,
2019/12/01 04:01:59.569983 [01;31m[K[m[Kwww.netflix.com.-28,
2019/12/01 04:02:20.300114 [01;31m[K[m[Kmega.com.-1,
2019/12/01 04:02:20.398010 [01;31m[K[m[Kmega.com.-28,
2019/12/01 04:02:25.575267 [01;31m[K[m[Kwww.mega.com.-1,
2019/12/01 04:02:25.675548 [01;31m[K[m[Kwww.mega.com.-28,
2019/12/01 04:03:03.298363 [01;31m[K[m[Kmega.nz.-1,
2019/12/01 04:03:03.300898 [01;31m[K[m[Kmega.nz.-28,
2019/12/01 04:04:00.277186 [01;31m[K[m[Koutlook.com.-28,
2019/12/01 04:04:00.278028 [01;31m[K[m[Koutlook.com.-1,
2019/12/01 04:04:02.556587 [01;31m[K[m[Kwww.outlook.com.-1,
2019/12/01 04:04:02.566870 [01;31m[K[m[Kwww.outlook.com.-28,
2019/12/01 04:04:04.955286 [01;31m[K[m[Koutlook.live.com.-1,
2019/12/01 04:04:05.018634 [01;31m[K[m[Koutlook.live.com.-28,
2019/12/01 04:05:00.967127 [01;31m[K[m[Kgmail.com.-1,
2019/12/01 04:05:00.978263 [01;31m[K[m[Kgmail.com.-28,
2019/12/01 04:05:03.086115 [01;31m[K[m[Kwww.google.com.-1,
2019/12/01 04:05:03.093434 [01;31m[K[m[Kwww.google.com.-28,
2019/12/01 04:05:05.428121 [01;31m[K[m[Kmail.google.com.-1,
2019/12/01 04:05:05.486628 [01;31m[K[m[Kmail.google.com.-28,
2019/12/01 04:05:07.829668 [01;31m[K[m[Kaccounts.google.com.-1,
2019/12/01 04:05:07.891119 [01;31m[K[m[Kaccounts.google.com.-28,
